<?xml version="1.0" encoding="UTF-8"?>
<testsuite xmlns:xsi="http://www.w3.org/2001/XMLSchema-instance" xsi:noNamespaceSchemaLocation="https://maven.apache.org/surefire/maven-surefire-plugin/xsd/surefire-test-report-3.0.xsd" version="3.0" name="com.example.sqli.MontoyaExtensionTest" time="0.05" tests="6" errors="0" skipped="0" failures="0">
  <properties>
[...]
</properties>
  <testcase name="detectsConfiguredSuccessKeywordsForBooleanMatches" classname="com.example.sqli.MontoyaExtensionTest" time="0.02"/>
  <testcase name="preservesOriginalCookieValueWhenAppendingPayload" classname="com.example.sqli.MontoyaExtensionTest" time="0.002"/>
  <testcase name="detectsWelcomeBackResponseAsAPositiveMatch" classname="com.example.sqli.MontoyaExtensionTest" time="0.002"/>
  <testcase name="injectsUrlParameterIntoRequest" classname="com.example.sqli.MontoyaExtensionTest" time="0.002"/>
  <testcase name="iteratesEachPositionFromTheStartOfTheCharset" classname="com.example.sqli.MontoyaExtensionTest" time="0.002"/>
  <testcase name="injectsCookieValueIntoRequest" classname="com.example.sqli.MontoyaExtensionTest" time="0.001"/>
</testsuite>